TN:
SF:src/constants.ts
FNF:0
FNH:0
DA:1,1
LF:1
LH:1
BRF:0
BRH:0
end_of_record
TN:
SF:src/web.ts
FNF:0
FNH:0
DA:1,1
DA:2,1
DA:3,1
DA:4,1
DA:5,1
DA:6,1
DA:7,1
DA:8,1
DA:9,1
LF:9
LH:9
BRF:0
BRH:0
end_of_record
TN:
SF:src/controllers/ApiController.ts
FNF:0
FNH:0
DA:1,1
DA:2,1
DA:3,1
DA:4,1
DA:5,1
DA:6,1
DA:7,1
DA:8,1
DA:9,1
DA:10,1
DA:11,1
DA:12,1
DA:13,1
DA:14,1
DA:15,1
DA:16,1
DA:17,1
DA:18,1
DA:19,1
DA:20,1
DA:21,1
DA:22,1
DA:23,1
DA:24,1
DA:25,1
DA:26,1
DA:27,1
DA:28,1
DA:29,1
DA:30,1
DA:31,1
DA:32,1
DA:33,1
DA:34,1
DA:35,1
DA:36,1
DA:37,1
DA:38,8
DA:39,8
DA:40,8
DA:41,7
DA:42,7
DA:43,8
DA:44,1
DA:45,1
DA:46,0
DA:47,1
DA:48,1
DA:49,1
DA:50,1
DA:51,1
DA:52,0
DA:53,0
DA:54,0
DA:55,0
DA:56,0
DA:57,8
DA:58,1
DA:59,1
DA:60,1
DA:61,1
DA:62,1
DA:63,1
DA:64,1
DA:65,1
DA:66,5
DA:67,1
DA:68,1
DA:69,4
DA:70,1
DA:71,1
DA:72,1
DA:73,3
DA:74,3
DA:75,3
DA:76,3
DA:77,2
DA:78,2
DA:79,3
DA:80,1
DA:81,1
DA:82,1
DA:83,1
DA:84,1
DA:85,0
DA:86,0
DA:87,0
DA:88,0
DA:89,0
DA:90,3
DA:91,1
DA:92,1
DA:93,1
DA:94,1
DA:95,1
DA:96,1
DA:97,1
DA:98,1
DA:99,1
DA:100,1
DA:101,1
DA:102,0
DA:103,0
DA:104,0
DA:105,0
DA:106,1
DA:107,1
DA:108,1
DA:109,1
DA:110,1
DA:111,1
DA:112,1
DA:113,1
DA:114,1
DA:115,1
DA:116,1
DA:117,1
DA:118,1
DA:119,1
DA:120,1
DA:121,4
DA:122,4
DA:123,4
DA:124,4
DA:125,4
DA:126,4
DA:127,4
DA:128,4
DA:129,4
DA:130,4
DA:131,4
DA:132,4
DA:133,0
DA:134,0
DA:135,0
DA:136,0
DA:137,4
DA:138,1
DA:139,1
DA:140,1
DA:141,1
DA:142,1
DA:143,1
DA:144,1
DA:145,1
DA:146,1
DA:147,1
DA:148,1
DA:149,1
DA:150,2
DA:151,2
DA:152,2
DA:153,2
DA:154,1
DA:155,1
DA:156,1
DA:157,1
DA:158,1
DA:159,1
DA:160,1
DA:161,0
DA:162,0
DA:163,0
DA:164,0
DA:165,0
DA:166,2
DA:167,1
DA:168,1
DA:169,1
DA:170,1
DA:171,1
DA:172,1
DA:173,1
DA:174,1
DA:175,1
DA:176,1
DA:177,2
DA:178,2
DA:179,2
DA:180,2
DA:181,2
DA:182,2
DA:183,2
DA:184,2
DA:185,2
DA:186,2
DA:187,2
DA:188,2
DA:189,0
DA:190,0
DA:191,0
DA:192,0
DA:193,2
DA:194,1
DA:195,1
DA:196,1
DA:197,1
DA:198,1
DA:199,1
DA:200,0
DA:201,0
DA:202,0
DA:203,0
DA:204,0
DA:205,0
DA:206,0
DA:207,0
DA:208,0
DA:209,0
DA:210,0
DA:211,0
DA:212,1
DA:213,1
DA:214,1
DA:215,1
DA:216,1
DA:217,0
DA:218,0
DA:219,0
DA:220,0
DA:221,0
DA:222,0
DA:223,0
DA:224,0
DA:225,0
DA:226,0
DA:227,0
DA:228,0
DA:229,1
DA:230,1
DA:231,1
DA:232,1
DA:233,1
DA:234,1
DA:235,1
DA:236,1
DA:237,1
DA:238,1
DA:239,1
DA:240,1
DA:241,1
DA:242,1
DA:243,1
DA:244,1
DA:245,1
DA:246,1
DA:247,1
DA:248,1
DA:249,1
DA:250,1
DA:251,1
DA:252,1
DA:253,1
DA:254,1
DA:255,1
DA:256,1
DA:257,1
DA:258,1
DA:259,0
DA:260,0
DA:261,0
DA:262,0
DA:263,0
DA:264,0
DA:265,0
DA:266,0
DA:267,0
DA:268,0
DA:269,0
DA:270,1
LF:270
LH:207
BRDA:24,0,0,1
BRDA:24,1,0,1
BRDA:37,2,0,8
BRDA:37,3,0,8
BRDA:41,4,0,7
BRDA:43,5,0,1
BRDA:45,6,0,0
BRDA:52,7,0,0
BRDA:65,8,0,5
BRDA:66,9,0,1
BRDA:69,10,0,4
BRDA:72,11,0,3
BRDA:72,12,0,3
BRDA:77,13,0,2
BRDA:79,14,0,1
BRDA:85,15,0,0
BRDA:93,16,0,1
BRDA:93,17,0,1
BRDA:120,18,0,4
BRDA:120,19,0,4
BRDA:132,20,0,0
BRDA:149,21,0,2
BRDA:149,22,0,2
BRDA:154,23,0,1
BRDA:161,24,0,0
BRDA:176,25,0,2
BRDA:176,26,0,2
BRDA:188,27,0,0
BRDA:238,28,0,1
BRDA:238,29,0,1
BRF:30
BRH:24
end_of_record
TN:
SF:src/controllers/HomeController.ts
FNF:0
FNH:0
DA:1,1
DA:2,1
DA:3,1
DA:4,1
DA:5,1
DA:6,1
DA:7,1
DA:8,1
DA:9,0
DA:10,0
DA:11,0
DA:12,0
DA:13,0
DA:14,0
DA:15,1
LF:15
LH:9
BRF:0
BRH:0
end_of_record
TN:
SF:src/controllers/index.ts
FNF:0
FNH:0
DA:1,1
DA:2,1
DA:3,1
DA:4,1
DA:5,1
LF:5
LH:5
BRF:0
BRH:0
end_of_record
TN:
SF:src/controllers/middleware/AuthMiddleware.ts
FN:7,AuthMiddleware
FNF:1
FNH:1
FNDA:12,AuthMiddleware
DA:1,1
DA:2,1
DA:3,1
DA:4,1
DA:5,1
DA:6,1
DA:7,1
DA:8,12
DA:9,12
DA:10,12
DA:11,12
DA:12,12
DA:13,12
DA:14,12
DA:15,1
DA:16,1
DA:17,1
DA:18,1
DA:19,11
DA:20,11
DA:21,11
DA:22,11
DA:23,11
DA:24,12
DA:25,0
DA:26,0
DA:27,0
DA:28,0
DA:29,0
DA:30,0
DA:31,0
DA:32,11
DA:33,11
DA:34,11
LF:34
LH:27
BRDA:7,0,0,12
BRDA:11,1,0,12
BRDA:14,2,0,1
BRDA:19,3,0,11
BRDA:24,4,0,0
BRDA:32,5,0,11
BRF:6
BRH:5
end_of_record
TN:
SF:src/controllers/middleware/ValidationMiddleware.ts
FN:9,validate
FN:26,getValidatedData
FNF:2
FNH:2
FNDA:10,validate
FNDA:20,getValidatedData
DA:1,1
DA:2,1
DA:3,1
DA:4,1
DA:5,1
DA:6,1
DA:7,1
DA:8,1
DA:9,1
DA:10,10
DA:11,23
DA:12,23
DA:13,23
DA:14,23
DA:15,23
DA:16,20
DA:17,20
DA:18,3
DA:19,3
DA:20,3
DA:21,3
DA:22,3
DA:23,23
DA:24,10
DA:25,1
DA:26,1
DA:27,20
DA:28,20
DA:29,20
DA:30,20
DA:31,20
LF:31
LH:31
BRDA:9,0,0,10
BRDA:10,1,0,23
BRDA:10,2,0,23
BRDA:15,3,0,20
BRDA:18,4,0,3
BRDA:11,5,0,75
BRDA:13,6,0,6
BRDA:26,7,0,20
BRF:8
BRH:8
end_of_record
TN:
SF:src/errors/InvalidPassword.ts
FN:2,InvalidPassword
FNF:1
FNH:1
FNDA:1,InvalidPassword
DA:1,1
DA:2,1
DA:3,1
DA:4,1
DA:5,1
DA:6,1
DA:7,1
DA:8,1
DA:9,1
DA:10,1
DA:11,1
LF:11
LH:11
BRDA:2,0,0,1
BRF:1
BRH:1
end_of_record
TN:
SF:src/errors/ResourceNotAuth.ts
FN:2,ResourceNotAuth
FNF:1
FNH:1
FNDA:1,ResourceNotAuth
DA:1,1
DA:2,1
DA:3,1
DA:4,1
DA:5,1
DA:6,1
DA:7,1
DA:8,1
DA:9,1
DA:10,1
DA:11,1
LF:11
LH:11
BRDA:2,0,0,1
BRF:1
BRH:1
end_of_record
TN:
SF:src/errors/UserAlreadyExists.ts
FN:2,UserAlreadyExists
FNF:1
FNH:1
FNDA:1,UserAlreadyExists
DA:1,1
DA:2,1
DA:3,1
DA:4,1
DA:5,1
DA:6,1
DA:7,1
DA:8,1
DA:9,1
DA:10,1
DA:11,1
LF:11
LH:11
BRDA:2,0,0,1
BRF:1
BRH:1
end_of_record
TN:
SF:src/errors/UserDoesNotExist.ts
FN:2,UserDoesNotExist
FNF:1
FNH:0
FNDA:0,UserDoesNotExist
DA:1,1
DA:2,1
DA:3,0
DA:4,0
DA:5,0
DA:6,0
DA:7,0
DA:8,0
DA:9,0
DA:10,0
DA:11,1
LF:11
LH:3
BRF:0
BRH:0
end_of_record
TN:
SF:src/models/Comment.ts
FNF:0
FNH:0
DA:1,1
DA:2,1
DA:3,1
DA:4,1
DA:5,1
DA:6,1
DA:7,1
DA:8,1
DA:9,1
DA:10,1
DA:11,1
DA:12,1
DA:13,1
DA:14,1
DA:15,1
DA:16,1
DA:17,1
DA:18,1
DA:19,1
DA:20,1
DA:21,1
DA:22,1
DA:23,1
DA:24,1
DA:25,1
DA:26,1
DA:27,1
DA:28,1
DA:29,1
LF:29
LH:29
BRF:0
BRH:0
end_of_record
TN:
SF:src/models/Post.ts
FNF:0
FNH:0
DA:1,1
DA:2,1
DA:3,1
DA:4,1
DA:5,1
DA:6,1
DA:7,1
DA:8,1
DA:9,1
DA:10,1
DA:11,1
DA:12,1
DA:13,1
DA:14,1
DA:15,1
DA:16,1
DA:17,1
DA:18,1
DA:19,1
DA:20,1
DA:21,1
DA:22,1
DA:23,1
DA:24,1
DA:25,1
DA:26,1
DA:27,1
DA:28,1
DA:29,1
DA:30,1
DA:31,1
DA:32,1
DA:33,1
DA:34,1
DA:35,1
DA:36,1
DA:37,1
DA:38,1
DA:39,1
DA:40,1
DA:41,1
DA:42,1
DA:43,1
DA:44,1
DA:45,1
DA:46,1
DA:47,1
DA:48,1
DA:49,1
DA:50,1
DA:51,1
DA:52,1
LF:52
LH:52
BRF:0
BRH:0
end_of_record
TN:
SF:src/models/Tag.ts
FNF:0
FNH:0
DA:1,1
DA:2,1
DA:3,1
DA:4,1
DA:5,1
DA:6,1
DA:7,1
DA:8,1
DA:9,1
DA:10,1
DA:11,1
DA:12,1
DA:13,1
DA:14,1
DA:15,1
DA:16,1
DA:17,1
DA:18,1
DA:19,1
DA:20,1
LF:20
LH:20
BRF:0
BRH:0
end_of_record
TN:
SF:src/models/User.ts
FNF:0
FNH:0
DA:1,1
DA:2,1
DA:3,1
DA:4,1
DA:5,1
DA:6,1
DA:7,1
DA:8,1
DA:9,1
DA:10,1
DA:11,1
DA:12,1
DA:13,1
DA:14,1
DA:15,1
DA:16,1
DA:17,1
DA:18,1
DA:19,1
DA:20,1
LF:20
LH:20
BRF:0
BRH:0
end_of_record
TN:
SF:src/models/index.ts
FN:1,get
FN:2,get
FN:3,get
FN:4,get
FNF:4
FNH:2
FNDA:0,get
FNDA:2,get
FNDA:24,get
FNDA:0,get
DA:1,1
DA:2,1
DA:3,1
DA:4,1
LF:4
LH:4
BRDA:2,0,0,2
BRDA:3,1,0,24
BRF:2
BRH:2
end_of_record
TN:
SF:src/services/AuthService.ts
FN:8,validateToken
FN:22,generateToken
FNF:2
FNH:2
FNDA:11,validateToken
FNDA:9,generateToken
DA:1,1
DA:2,1
DA:3,1
DA:4,1
DA:5,1
DA:6,1
DA:7,1
DA:8,1
DA:9,11
DA:10,11
DA:11,11
DA:12,0
DA:13,0
DA:14,11
DA:15,11
DA:16,0
DA:17,0
DA:18,11
DA:19,11
DA:20,11
DA:21,1
DA:22,1
DA:23,9
DA:24,9
DA:25,9
DA:26,9
DA:27,9
DA:28,9
DA:29,9
DA:30,9
DA:31,9
DA:32,1
LF:32
LH:28
BRDA:8,0,0,11
BRDA:11,1,0,0
BRDA:15,2,0,0
BRDA:22,3,0,9
BRF:4
BRH:2
end_of_record
TN:
SF:src/services/CommentService.ts
FN:8,loadCommentsForPost
FN:13,loadCommentsForComment
FN:18,addComment
FN:39,addChildComment
FN:58,edit
FNF:5
FNH:2
FNDA:0,loadCommentsForPost
FNDA:0,loadCommentsForComment
FNDA:2,addComment
FNDA:1,addChildComment
FNDA:0,edit
DA:1,1
DA:2,1
DA:3,1
DA:4,1
DA:5,1
DA:6,1
DA:7,1
DA:8,1
DA:9,0
DA:10,0
DA:11,0
DA:12,1
DA:13,1
DA:14,0
DA:15,0
DA:16,0
DA:17,1
DA:18,1
DA:19,2
DA:20,2
DA:21,2
DA:22,2
DA:23,2
DA:24,2
DA:25,2
DA:26,2
DA:27,2
DA:28,2
DA:29,2
DA:30,2
DA:31,2
DA:32,2
DA:33,2
DA:34,2
DA:35,2
DA:36,2
DA:37,2
DA:38,1
DA:39,1
DA:40,1
DA:41,1
DA:42,1
DA:43,1
DA:44,1
DA:45,1
DA:46,1
DA:47,1
DA:48,1
DA:49,1
DA:50,1
DA:51,1
DA:52,1
DA:53,1
DA:54,1
DA:55,1
DA:56,1
DA:57,1
DA:58,1
DA:59,0
DA:60,0
DA:61,0
DA:62,0
DA:63,0
DA:64,0
DA:65,0
DA:66,0
DA:67,0
DA:68,0
DA:69,0
DA:70,0
DA:71,0
DA:72,0
DA:73,0
DA:74,0
DA:75,1
LF:75
LH:53
BRDA:18,0,0,2
BRDA:32,1,0,0
BRDA:39,2,0,1
BRDA:51,3,0,0
BRF:4
BRH:2
end_of_record
TN:
SF:src/services/PostService.ts
FN:8,create
FN:34,show
FN:38,edit
FN:80,list
FNF:4
FNH:3
FNDA:4,create
FNDA:0,show
FNDA:2,edit
FNDA:1,list
DA:1,1
DA:2,1
DA:3,1
DA:4,1
DA:5,1
DA:6,1
DA:7,1
DA:8,1
DA:9,4
DA:10,4
DA:11,4
DA:12,4
DA:13,4
DA:14,4
DA:15,4
DA:16,4
DA:17,4
DA:18,4
DA:19,4
DA:20,4
DA:21,3
DA:22,3
DA:23,3
DA:24,4
DA:25,4
DA:26,4
DA:27,4
DA:28,4
DA:29,4
DA:30,4
DA:31,4
DA:32,4
DA:33,1
DA:34,1
DA:35,0
DA:36,0
DA:37,1
DA:38,1
DA:39,2
DA:40,2
DA:41,2
DA:42,2
DA:43,2
DA:44,2
DA:45,2
DA:46,2
DA:47,2
DA:48,2
DA:49,2
DA:50,2
DA:51,2
DA:52,2
DA:53,2
DA:54,2
DA:55,2
DA:56,2
DA:57,2
DA:58,2
DA:59,2
DA:60,2
DA:61,2
DA:62,2
DA:63,2
DA:64,1
DA:65,1
DA:66,1
DA:67,2
DA:68,2
DA:69,2
DA:70,2
DA:71,2
DA:72,2
DA:73,2
DA:74,2
DA:75,2
DA:76,2
DA:77,2
DA:78,2
DA:79,1
DA:80,1
DA:81,1
DA:82,1
DA:83,1
LF:83
LH:81
BRDA:8,0,0,4
BRDA:16,1,0,12
BRDA:16,2,0,27
BRDA:20,3,0,3
BRDA:38,4,0,2
BRDA:45,5,0,0
BRDA:45,6,0,0
BRDA:59,7,0,1
BRDA:63,8,0,1
BRDA:80,9,0,1
BRF:10
BRH:8
end_of_record
TN:
SF:src/services/UserService.ts
FN:7,getById
FN:17,register
FN:32,authenticate
FNF:3
FNH:3
FNDA:11,getById
FNDA:3,register
FNDA:8,authenticate
DA:1,1
DA:2,1
DA:3,1
DA:4,1
DA:5,1
DA:6,1
DA:7,1
DA:8,11
DA:9,11
DA:10,11
DA:11,0
DA:12,0
DA:13,11
DA:14,11
DA:15,11
DA:16,1
DA:17,1
DA:18,3
DA:19,3
DA:20,3
DA:21,1
DA:22,1
DA:23,2
DA:24,2
DA:25,2
DA:26,2
DA:27,2
DA:28,2
DA:29,2
DA:30,2
DA:31,1
DA:32,1
DA:33,8
DA:34,8
DA:35,8
DA:36,0
DA:37,0
DA:38,8
DA:39,8
DA:40,8
DA:41,8
DA:42,1
DA:43,1
DA:44,7
DA:45,7
DA:46,7
DA:47,1
LF:47
LH:43
BRDA:7,0,0,11
BRDA:10,1,0,0
BRDA:17,2,0,3
BRDA:20,3,0,1
BRDA:23,4,0,2
BRDA:32,5,0,8
BRDA:35,6,0,0
BRDA:41,7,0,1
BRDA:44,8,0,7
BRF:9
BRH:7
end_of_record
