TN:
SF:src/constants.ts
FNF:0
FNH:0
DA:1,1
LF:1
LH:1
BRF:0
BRH:0
end_of_record
TN:
SF:src/db.ts
FNF:0
FNH:0
DA:1,1
DA:2,1
DA:3,1
DA:4,1
DA:5,1
DA:6,1
DA:7,1
DA:8,1
DA:9,1
DA:10,1
DA:11,1
DA:12,1
DA:13,1
DA:14,1
DA:15,1
DA:16,1
DA:17,1
DA:18,1
DA:19,1
DA:20,1
LF:20
LH:20
BRF:0
BRH:0
end_of_record
TN:
SF:src/web.ts
FNF:0
FNH:0
DA:1,1
DA:2,1
DA:3,1
DA:4,1
DA:5,1
DA:6,1
DA:7,1
DA:8,1
DA:9,1
LF:9
LH:9
BRF:0
BRH:0
end_of_record
TN:
SF:src/controllers/HomeController.ts
FNF:0
FNH:0
DA:1,1
DA:2,1
DA:3,1
DA:4,1
DA:5,1
DA:6,1
DA:7,1
DA:8,2
DA:9,1
LF:9
LH:9
BRDA:7,0,0,2
BRF:1
BRH:1
end_of_record
TN:
SF:src/entity/Post.ts
FN:32,Object.<anonymous>.__decorate.name
FNF:1
FNH:1
FNDA:5,Object.<anonymous>.__decorate.name
DA:1,1
DA:2,1
DA:3,1
DA:4,1
DA:5,1
DA:6,1
DA:7,1
DA:8,1
DA:9,1
DA:10,1
DA:11,1
DA:12,1
DA:13,1
DA:14,1
DA:15,1
DA:16,1
DA:17,1
DA:18,1
DA:19,1
DA:20,1
DA:21,1
DA:22,1
DA:23,1
DA:24,1
DA:25,1
DA:26,1
DA:27,1
DA:28,1
DA:29,1
DA:30,1
DA:31,1
DA:32,1
DA:33,1
DA:34,1
DA:35,1
DA:36,1
DA:37,1
DA:38,1
DA:39,1
DA:40,1
DA:41,1
DA:42,1
DA:43,1
DA:44,1
DA:45,1
DA:46,1
DA:47,1
DA:48,1
DA:49,1
DA:50,1
DA:51,1
DA:52,1
LF:52
LH:52
BRDA:32,0,0,5
BRDA:32,1,0,5
BRDA:38,2,0,5
BRF:3
BRH:3
end_of_record
TN:
SF:src/entity/Tag.ts
FNF:0
FNH:0
DA:1,1
DA:2,1
DA:3,1
DA:4,1
DA:5,1
DA:6,1
DA:7,1
DA:8,1
DA:9,1
DA:10,1
DA:11,1
DA:12,1
DA:13,1
DA:14,1
DA:15,1
DA:16,1
DA:17,1
DA:18,1
DA:19,1
DA:20,1
DA:21,1
DA:22,1
DA:23,1
DA:24,1
DA:25,1
DA:26,1
DA:27,1
DA:28,1
DA:29,1
DA:30,1
DA:31,1
DA:32,1
DA:33,1
DA:34,1
DA:35,1
DA:36,1
LF:36
LH:36
BRDA:23,0,0,5
BRF:1
BRH:1
end_of_record
TN:
SF:src/entity/User.ts
FNF:0
FNH:0
DA:1,1
DA:2,1
DA:3,1
DA:4,1
DA:5,1
DA:6,1
DA:7,1
DA:8,1
DA:9,1
DA:10,1
DA:11,1
DA:12,1
DA:13,1
DA:14,1
DA:15,1
DA:16,1
DA:17,1
DA:18,1
DA:19,1
DA:20,1
DA:21,1
DA:22,1
DA:23,1
DA:24,1
DA:25,1
DA:26,1
DA:27,1
DA:28,1
DA:29,1
DA:30,1
DA:31,1
DA:32,1
DA:33,1
DA:34,1
DA:35,1
DA:36,1
DA:37,1
LF:37
LH:37
BRDA:26,0,0,5
BRDA:26,1,0,5
BRF:2
BRH:2
end_of_record
TN:
SF:src/errors/UserAlreadyExists.ts
FN:2,UserAlreadyExists
FNF:1
FNH:0
FNDA:0,UserAlreadyExists
DA:1,1
DA:2,1
DA:3,0
DA:4,0
DA:5,0
DA:6,0
DA:7,0
DA:8,0
DA:9,0
DA:10,0
DA:11,1
LF:11
LH:3
BRF:0
BRH:0
end_of_record
TN:
SF:src/services/CreatePostService.ts
FN:13,CreatePostService
FN:20,setUser
FN:24,createPost
FNF:3
FNH:3
FNDA:2,CreatePostService
FNDA:2,setUser
FNDA:2,createPost
DA:1,1
DA:2,1
DA:3,1
DA:4,1
DA:5,1
DA:6,1
DA:7,1
DA:8,1
DA:9,1
DA:10,1
DA:11,1
DA:12,1
DA:13,1
DA:14,2
DA:15,2
DA:16,2
DA:17,2
DA:18,2
DA:19,1
DA:20,1
DA:21,2
DA:22,2
DA:23,1
DA:24,1
DA:25,2
DA:26,2
DA:27,2
DA:28,2
DA:29,2
DA:30,2
DA:31,2
DA:32,2
DA:33,2
DA:34,2
DA:35,2
DA:36,2
DA:37,2
DA:38,2
DA:39,1
LF:39
LH:39
BRDA:13,0,0,2
BRDA:20,1,0,2
BRDA:24,2,0,2
BRF:3
BRH:3
end_of_record
TN:
SF:src/services/CreateTagService.ts
FN:7,CreateTagService
FN:11,upsertTag
FNF:2
FNH:2
FNDA:5,CreateTagService
FNDA:7,upsertTag
DA:1,1
DA:2,1
DA:3,1
DA:4,1
DA:5,1
DA:6,1
DA:7,1
DA:8,5
DA:9,5
DA:10,1
DA:11,1
DA:12,7
DA:13,7
DA:14,7
DA:15,7
DA:16,7
DA:17,7
DA:18,7
DA:19,7
DA:20,7
DA:21,3
DA:22,3
DA:23,4
DA:24,4
DA:25,4
DA:26,4
DA:27,4
DA:28,1
LF:28
LH:28
BRDA:7,0,0,5
BRDA:11,1,0,7
BRDA:20,2,0,3
BRDA:23,3,0,4
BRF:4
BRH:4
end_of_record
TN:
SF:src/services/CreateUserService.ts
FN:11,CreateUserService
FN:16,register
FNF:2
FNH:2
FNDA:3,CreateUserService
FNDA:3,register
DA:1,1
DA:2,1
DA:3,1
DA:4,1
DA:5,1
DA:6,1
DA:7,1
DA:8,1
DA:9,1
DA:10,1
DA:11,1
DA:12,3
DA:13,3
DA:14,3
DA:15,1
DA:16,1
DA:17,3
DA:18,3
DA:19,3
DA:20,0
DA:21,0
DA:22,3
DA:23,3
DA:24,3
DA:25,3
DA:26,3
DA:27,3
DA:28,3
DA:29,3
DA:30,1
LF:30
LH:28
BRDA:11,0,0,3
BRDA:16,1,0,3
BRDA:19,2,0,0
BRF:3
BRH:2
end_of_record
TN:
SF:src/services/FindUserService.ts
FN:7,FindUserService
FN:11,findByEmail
FNF:2
FNH:2
FNDA:3,FindUserService
FNDA:3,findByEmail
DA:1,1
DA:2,1
DA:3,1
DA:4,1
DA:5,1
DA:6,1
DA:7,1
DA:8,3
DA:9,3
DA:10,1
DA:11,1
DA:12,3
DA:13,3
DA:14,1
LF:14
LH:14
BRDA:7,0,0,3
BRDA:11,1,0,3
BRF:2
BRH:2
end_of_record
TN:
SF:src/services/TagPostService.ts
FN:8,TagPostService
FN:12,assignTag
FN:16,assignTags
FNF:3
FNH:3
FNDA:3,TagPostService
FNDA:2,assignTag
FNDA:4,assignTags
DA:1,1
DA:2,1
DA:3,1
DA:4,1
DA:5,1
DA:6,1
DA:7,1
DA:8,1
DA:9,3
DA:10,3
DA:11,1
DA:12,1
DA:13,2
DA:14,2
DA:15,1
DA:16,1
DA:17,4
DA:18,4
DA:19,4
DA:20,4
DA:21,1
LF:21
LH:21
BRDA:8,0,0,3
BRDA:12,1,0,2
BRDA:16,2,0,4
BRDA:17,3,0,0
BRDA:17,4,0,2
BRDA:17,5,0,2
BRF:6
BRH:5
end_of_record
